  main.c
D:\git\c-project\movie-theater-project-final\movie-theater-project-final\main.c(101,20): warning C4018:  '<': signed 또는 unsigned가 일치하지 않습니다.
D:\git\c-project\movie-theater-project-final\movie-theater-project-final\main.c(102,21): warning C4018:  '<': signed 또는 unsigned가 일치하지 않습니다.
D:\git\c-project\movie-theater-project-final\movie-theater-project-final\main.c(103,22): warning C4018:  '<': signed 또는 unsigned가 일치하지 않습니다.
D:\git\c-project\movie-theater-project-final\movie-theater-project-final\main.c(112,20): warning C4018:  '<': signed 또는 unsigned가 일치하지 않습니다.
D:\git\c-project\movie-theater-project-final\movie-theater-project-final\main.c(197,22): warning C4018:  '<': signed 또는 unsigned가 일치하지 않습니다.
D:\git\c-project\movie-theater-project-final\movie-theater-project-final\main.c(182,25): warning C4101:  'flagtick' :참조되지 않은 지역 변수입니다.
D:\git\c-project\movie-theater-project-final\movie-theater-project-final\main.c(182,12): warning C4101:  'curtimetick' :참조되지 않은 지역 변수입니다.
D:\git\c-project\movie-theater-project-final\movie-theater-project-final\main.c(230,20): warning C4018:  '<': signed 또는 unsigned가 일치하지 않습니다.
D:\git\c-project\movie-theater-project-final\movie-theater-project-final\main.c(304,20): warning C4018:  '<': signed 또는 unsigned가 일치하지 않습니다.
D:\git\c-project\movie-theater-project-final\movie-theater-project-final\main.c(313,46): warning C4018:  '<': signed 또는 unsigned가 일치하지 않습니다.
D:\git\c-project\movie-theater-project-final\movie-theater-project-final\main.c(339,20): warning C4018:  '<': signed 또는 unsigned가 일치하지 않습니다.
D:\git\c-project\movie-theater-project-final\movie-theater-project-final\main.c(340,21): warning C4018:  '<': signed 또는 unsigned가 일치하지 않습니다.
D:\git\c-project\movie-theater-project-final\movie-theater-project-final\main.c(344,21): warning C4018:  '<': signed 또는 unsigned가 일치하지 않습니다.
D:\git\c-project\movie-theater-project-final\movie-theater-project-final\main.c(360,20): warning C4018:  '<': signed 또는 unsigned가 일치하지 않습니다.
D:\git\c-project\movie-theater-project-final\movie-theater-project-final\main.c(381,20): warning C4018:  '<': signed 또는 unsigned가 일치하지 않습니다.
D:\git\c-project\movie-theater-project-final\movie-theater-project-final\main.c(424,21): warning C4018:  '<': signed 또는 unsigned가 일치하지 않습니다.
D:\git\c-project\movie-theater-project-final\movie-theater-project-final\main.c(437,21): warning C4018:  '<': signed 또는 unsigned가 일치하지 않습니다.
D:\git\c-project\movie-theater-project-final\movie-theater-project-final\main.c(443,22): warning C4018:  '<': signed 또는 unsigned가 일치하지 않습니다.
D:\git\c-project\movie-theater-project-final\movie-theater-project-final\main.c(444,23): warning C4018:  '<': signed 또는 unsigned가 일치하지 않습니다.
D:\git\c-project\movie-theater-project-final\movie-theater-project-final\main.c(448,23): warning C4018:  '<': signed 또는 unsigned가 일치하지 않습니다.
D:\git\c-project\movie-theater-project-final\movie-theater-project-final\main.c(551,20): warning C4018:  '<': signed 또는 unsigned가 일치하지 않습니다.
  movie-theater-project-final.vcxproj -> D:\git\c-project\movie-theater-project-final\Debug\movie-theater-project-final.exe
