  main.c
f:\git\c-project\movie-theater-project\movie-theater-project\main.c(206): warning C4018: '<': signed 또는 unsigned가 일치하지 않습니다.
f:\git\c-project\movie-theater-project\movie-theater-project\main.c(230): warning C4018: '<': signed 또는 unsigned가 일치하지 않습니다.
f:\git\c-project\movie-theater-project\movie-theater-project\main.c(391): warning C4018: '<': signed 또는 unsigned가 일치하지 않습니다.
f:\git\c-project\movie-theater-project\movie-theater-project\main.c(400): warning C4018: '<': signed 또는 unsigned가 일치하지 않습니다.
f:\git\c-project\movie-theater-project\movie-theater-project\main.c(443): warning C4018: '<': signed 또는 unsigned가 일치하지 않습니다.
f:\git\c-project\movie-theater-project\movie-theater-project\main.c(444): warning C4018: '<': signed 또는 unsigned가 일치하지 않습니다.
f:\git\c-project\movie-theater-project\movie-theater-project\main.c(448): warning C4018: '<': signed 또는 unsigned가 일치하지 않습니다.
f:\git\c-project\movie-theater-project\movie-theater-project\main.c(464): warning C4018: '<': signed 또는 unsigned가 일치하지 않습니다.
f:\git\c-project\movie-theater-project\movie-theater-project\main.c(482): warning C4018: '<': signed 또는 unsigned가 일치하지 않습니다.
f:\git\c-project\movie-theater-project\movie-theater-project\main.c(435): warning C4101: 'flagtick' :참조되지 않은 지역 변수입니다.
f:\git\c-project\movie-theater-project\movie-theater-project\main.c(435): warning C4101: 'curtimetick' :참조되지 않은 지역 변수입니다.
f:\git\c-project\movie-theater-project\movie-theater-project\main.c(521): warning C4018: '<': signed 또는 unsigned가 일치하지 않습니다.
f:\git\c-project\movie-theater-project\movie-theater-project\main.c(543): warning C4018: '<': signed 또는 unsigned가 일치하지 않습니다.
f:\git\c-project\movie-theater-project\movie-theater-project\main.c(549): warning C4018: '<': signed 또는 unsigned가 일치하지 않습니다.
f:\git\c-project\movie-theater-project\movie-theater-project\main.c(550): warning C4018: '<': signed 또는 unsigned가 일치하지 않습니다.
f:\git\c-project\movie-theater-project\movie-theater-project\main.c(554): warning C4018: '<': signed 또는 unsigned가 일치하지 않습니다.
f:\git\c-project\movie-theater-project\movie-theater-project\main.c(638): warning C4018: '<': signed 또는 unsigned가 일치하지 않습니다.
  movie-theater-project.vcxproj -> F:\git\c-project\movie-theater-project\Debug\movie-theater-project.exe
  movie-theater-project.vcxproj -> F:\git\c-project\movie-theater-project\Debug\movie-theater-project.pdb (Full PDB)
